<?xml version="1.0" encoding="UTF-8"?>
<coverage generated="1716062347856" clover="3.2.0">
  <project timestamp="1716062347857" name="All files">
    <metrics statements="28" coveredstatements="28" conditionals="25" coveredconditionals="24" methods="2" coveredmethods="2" elements="55" coveredelements="54" complexity="0" loc="28" ncloc="28" packages="1" files="2" classes="2"/>
    <file name="cardIdentity.js" path="C:\Users\Anna\OneDrive\Рабочий стол\STUDY\ahj-hw\testing\src\js\cardIdentity.js">
      <metrics statements="15" coveredstatements="15" conditionals="21" coveredconditionals="20" methods="1" coveredmethods="1"/>
      <line num="2" count="7" type="stmt"/>
      <line num="4" count="7" type="cond" truecount="2" falsecount="0"/>
      <line num="5" count="1" type="stmt"/>
      <line num="6" count="6" type="cond" truecount="2" falsecount="0"/>
      <line num="7" count="1" type="stmt"/>
      <line num="8" count="5" type="cond" truecount="2" falsecount="0"/>
      <line num="9" count="1" type="stmt"/>
      <line num="10" count="4" type="cond" truecount="4" falsecount="0"/>
      <line num="11" count="1" type="stmt"/>
      <line num="12" count="3" type="cond" truecount="4" falsecount="0"/>
      <line num="13" count="1" type="stmt"/>
      <line num="14" count="2" type="cond" truecount="5" falsecount="0"/>
      <line num="15" count="1" type="stmt"/>
      <line num="16" count="1" type="cond" truecount="1" falsecount="1"/>
      <line num="17" count="1" type="stmt"/>
    </file>
    <file name="validators.js" path="C:\Users\Anna\OneDrive\Рабочий стол\STUDY\ahj-hw\testing\src\js\validators.js">
      <metrics statements="13" coveredstatements="13" conditionals="4" coveredconditionals="4" methods="1" coveredmethods="1"/>
      <line num="2" count="2" type="stmt"/>
      <line num="3" count="2" type="stmt"/>
      <line num="4" count="2" type="stmt"/>
      <line num="5" count="2" type="stmt"/>
      <line num="6" count="2" type="stmt"/>
      <line num="7" count="24" type="stmt"/>
      <line num="8" count="24" type="cond" truecount="2" falsecount="0"/>
      <line num="9" count="12" type="stmt"/>
      <line num="10" count="12" type="cond" truecount="2" falsecount="0"/>
      <line num="11" count="5" type="stmt"/>
      <line num="14" count="24" type="stmt"/>
      <line num="15" count="24" type="stmt"/>
      <line num="17" count="2" type="stmt"/>
    </file>
  </project>
</coverage>
