TN:
SF:src\js\cardIdentity.js
FN:1,checkCardIdentity
FNF:1
FNH:1
FNDA:7,checkCardIdentity
DA:2,7
DA:4,7
DA:5,1
DA:6,6
DA:7,1
DA:8,5
DA:9,1
DA:10,4
DA:11,1
DA:12,3
DA:13,1
DA:14,2
DA:15,1
DA:16,1
DA:17,1
LF:15
LH:15
BRDA:4,0,0,1
BRDA:4,0,1,6
BRDA:6,1,0,1
BRDA:6,1,1,5
BRDA:8,2,0,1
BRDA:8,2,1,4
BRDA:10,3,0,1
BRDA:10,3,1,3
BRDA:10,4,0,4
BRDA:10,4,1,1
BRDA:12,5,0,1
BRDA:12,5,1,2
BRDA:12,6,0,3
BRDA:12,6,1,3
BRDA:14,7,0,1
BRDA:14,7,1,1
BRDA:14,8,0,2
BRDA:14,8,1,2
BRDA:14,8,2,2
BRDA:16,9,0,1
BRDA:16,9,1,0
BRF:21
BRH:20
end_of_record
TN:
SF:src\js\validators.js
FN:1,isValidCard
FNF:1
FNH:1
FNDA:2,isValidCard
DA:2,2
DA:3,2
DA:4,2
DA:5,2
DA:6,2
DA:7,24
DA:8,24
DA:9,12
DA:10,12
DA:11,5
DA:14,24
DA:15,24
DA:17,2
LF:13
LH:13
BRDA:8,0,0,12
BRDA:8,0,1,12
BRDA:10,1,0,5
BRDA:10,1,1,7
BRF:4
BRH:4
end_of_record
